2025-07-02 12:29:04,036 - INFO - Program started
2025-07-02 12:29:04,036 - INFO - Trip prices established
2025-07-02 12:29:08,641 - INFO - Confirmed prices
2025-07-02 12:29:08,642 - INFO - Reset count variables
2025-07-02 12:29:08,642 - INFO - Trip started
2025-07-02 12:29:08,643 - INFO - Moving time: 1
2025-07-02 12:29:08,643 - INFO - Calculated exact time to wait
2025-07-02 12:29:09,644 - INFO - Moving time: 2
2025-07-02 12:29:09,644 - INFO - Calculated exact time to wait
2025-07-02 12:29:10,645 - INFO - Stoped time: 1
2025-07-02 12:29:10,646 - INFO - Calculated exact time to wait
2025-07-02 12:29:11,649 - INFO - Stoped time: 2
2025-07-02 12:29:11,649 - INFO - Calculated exact time to wait
2025-07-02 12:29:12,649 - INFO - Moving time: 3
2025-07-02 12:29:12,650 - INFO - Calculated exact time to wait
2025-07-02 12:29:13,498 - INFO - Trip finished
2025-07-02 12:29:13,500 - INFO - Subtracted leftover time
2025-07-02 12:29:13,500 - INFO - Final fare in euros: 0.12
2025-07-02 12:29:13,503 - INFO - Trip registered in c:\Users\Coder\Desktop\Projects\taximeter\trips.txt
2025-07-02 12:29:15,025 - INFO - Program finised
